<?xml version="1.0" encoding="UTF-8"?>
<testng-results skipped="1" failed="0" ignored="0" total="1" passed="0">
  <reporter-output>
  </reporter-output>
  <suite name="Default suite" duration-ms="3232" started-at="2020-11-06T15:28:14 IST" finished-at="2020-11-06T15:28:17 IST">
    <groups>
    </groups>
    <test name="Default test" duration-ms="3232" started-at="2020-11-06T15:28:14 IST" finished-at="2020-11-06T15:28:17 IST">
      <class name="com.uiFramework.companyName.projectName.testScripts.login.LoginTest">
        <test-method status="PASS" signature="beforeSuite()[pri:0, instance:com.uiFramework.companyName.projectName.testScripts.login.LoginTest@78fa769e]" name="beforeSuite" is-config="true" duration-ms="212" started-at="2020-11-06T15:28:13 IST" finished-at="2020-11-06T15:28:14 IST">
          <reporter-output>
          </reporter-output>
        </test-method> <!-- beforeSuite -->
        <test-method status="FAIL" signature="beforeTest()[pri:0, instance:com.uiFramework.companyName.projectName.testScripts.login.LoginTest@78fa769e]" name="beforeTest" is-config="true" duration-ms="3167" started-at="2020-11-06T15:28:14 IST" finished-at="2020-11-06T15:28:17 IST">
          <exception class="org.openqa.selenium.SessionNotCreatedException">
            <message>
              <![CDATA[session not created: This version of ChromeDriver only supports Chrome version 84
Build info: version: '3.141.59', revision: 'e82be7d358', time: '2018-11-14T08:17:03'
System info: host: 'DESKTOP-M7OO6FQ', ip: '192.168.137.1', os.name: 'Windows 10', os.arch: 'amd64', os.version: '10.0', java.version: '1.8.0_231'
Driver info: driver.version: ChromeDriver
remote stacktrace: Backtrace:
Ordinal0 [0x00A387E3+2852835]
Ordinal0 [0x00925BB1+1727409]
Ordinal0 [0x007FE4B9+517305]
Ordinal0 [0x00790BA0+68512]
Ordinal0 [0x0078D3A0+54176]
Ordinal0 [0x007AD9F7+186871]
Ordinal0 [0x007AD7FD+186365]
Ordinal0 [0x007AB70B+177931]
Ordinal0 [0x00792584+75140]
Ordinal0 [0x00793650+79440]
Ordinal0 [0x007935E9+79337]
Ordinal0 [0x0093AD5C+1813852]
GetHandleVerifier [0x00B5C616+1075574]
GetHandleVerifier [0x00B5C367+1074887]
GetHandleVerifier [0x00B67497+1120247]
GetHandleVerifier [0x00B5CC16+1077110]
Ordinal0 [0x00933206+1782278]
Ordinal0 [0x0093C3BB+1819579]
Ordinal0 [0x0093C523+1819939]
Ordinal0 [0x00952B45+1911621]
BaseThreadInitThunk [0x750B6359+25]
RtlGetAppContainerNamedObjectPath [0x773A7C24+228]
RtlGetAppContainerNamedObjectPath [0x773A7BF4+180]
]]>
            </message>
            <full-stacktrace>
              <![CDATA[org.openqa.selenium.SessionNotCreatedException: session not created: This version of ChromeDriver only supports Chrome version 84
Build info: version: '3.141.59', revision: 'e82be7d358', time: '2018-11-14T08:17:03'
System info: host: 'DESKTOP-M7OO6FQ', ip: '192.168.137.1', os.name: 'Windows 10', os.arch: 'amd64', os.version: '10.0', java.version: '1.8.0_231'
Driver info: driver.version: ChromeDriver
remote stacktrace: Backtrace:
Ordinal0 [0x00A387E3+2852835]
Ordinal0 [0x00925BB1+1727409]
Ordinal0 [0x007FE4B9+517305]
Ordinal0 [0x00790BA0+68512]
Ordinal0 [0x0078D3A0+54176]
Ordinal0 [0x007AD9F7+186871]
Ordinal0 [0x007AD7FD+186365]
Ordinal0 [0x007AB70B+177931]
Ordinal0 [0x00792584+75140]
Ordinal0 [0x00793650+79440]
Ordinal0 [0x007935E9+79337]
Ordinal0 [0x0093AD5C+1813852]
GetHandleVerifier [0x00B5C616+1075574]
GetHandleVerifier [0x00B5C367+1074887]
GetHandleVerifier [0x00B67497+1120247]
GetHandleVerifier [0x00B5CC16+1077110]
Ordinal0 [0x00933206+1782278]
Ordinal0 [0x0093C3BB+1819579]
Ordinal0 [0x0093C523+1819939]
Ordinal0 [0x00952B45+1911621]
BaseThreadInitThunk [0x750B6359+25]
RtlGetAppContainerNamedObjectPath [0x773A7C24+228]
RtlGetAppContainerNamedObjectPath [0x773A7BF4+180]

at sun.reflect.NativeConstructorAccessorImpl.newInstance0(Native Method)
at sun.reflect.NativeConstructorAccessorImpl.newInstance(NativeConstructorAccessorImpl.java:62)
at sun.reflect.DelegatingConstructorAccessorImpl.newInstance(DelegatingConstructorAccessorImpl.java:45)
at java.lang.reflect.Constructor.newInstance(Constructor.java:423)
at org.openqa.selenium.remote.W3CHandshakeResponse.lambda$errorHandler$0(W3CHandshakeResponse.java:62)
at org.openqa.selenium.remote.HandshakeResponse.lambda$getResponseFunction$0(HandshakeResponse.java:30)
at org.openqa.selenium.remote.ProtocolHandshake.lambda$createSession$0(ProtocolHandshake.java:126)
at java.util.stream.ReferencePipeline$3$1.accept(ReferencePipeline.java:193)
at java.util.Spliterators$ArraySpliterator.tryAdvance(Spliterators.java:958)
at java.util.stream.ReferencePipeline.forEachWithCancel(ReferencePipeline.java:126)
at java.util.stream.AbstractPipeline.copyIntoWithCancel(AbstractPipeline.java:499)
at java.util.stream.AbstractPipeline.copyInto(AbstractPipeline.java:486)
at java.util.stream.AbstractPipeline.wrapAndCopyInto(AbstractPipeline.java:472)
at java.util.stream.FindOps$FindOp.evaluateSequential(FindOps.java:152)
at java.util.stream.AbstractPipeline.evaluate(AbstractPipeline.java:234)
at java.util.stream.ReferencePipeline.findFirst(ReferencePipeline.java:464)
at org.openqa.selenium.remote.ProtocolHandshake.createSession(ProtocolHandshake.java:128)
at org.openqa.selenium.remote.ProtocolHandshake.createSession(ProtocolHandshake.java:74)
at org.openqa.selenium.remote.HttpCommandExecutor.execute(HttpCommandExecutor.java:136)
at org.openqa.selenium.remote.service.DriverCommandExecutor.execute(DriverCommandExecutor.java:83)
at org.openqa.selenium.remote.RemoteWebDriver.execute(RemoteWebDriver.java:552)
at org.openqa.selenium.remote.RemoteWebDriver.startSession(RemoteWebDriver.java:213)
at org.openqa.selenium.remote.RemoteWebDriver.<init>(RemoteWebDriver.java:131)
at org.openqa.selenium.chrome.ChromeDriver.<init>(ChromeDriver.java:181)
at org.openqa.selenium.chrome.ChromeDriver.<init>(ChromeDriver.java:168)
at org.openqa.selenium.chrome.ChromeDriver.<init>(ChromeDriver.java:157)
at com.uiFramework.companyName.projectName.helper.browserConfigurations.ChromeBrowser.getChromeDriver(ChromeBrowser.java:36)
at com.uiFramework.companyName.projectName.testbase.Testbase.getBrowserObject(Testbase.java:118)
at com.uiFramework.companyName.projectName.testbase.Testbase.setUpDriver(Testbase.java:139)
at com.uiFramework.companyName.projectName.testbase.Testbase.beforeTest(Testbase.java:59)
at sun.reflect.NativeMethodAccessorImpl.invoke0(Native Method)
at sun.reflect.NativeMethodAccessorImpl.invoke(NativeMethodAccessorImpl.java:62)
at sun.reflect.DelegatingMethodAccessorImpl.invoke(DelegatingMethodAccessorImpl.java:43)
at java.lang.reflect.Method.invoke(Method.java:498)
at org.testng.internal.MethodInvocationHelper.invokeMethod(MethodInvocationHelper.java:135)
at org.testng.internal.MethodInvocationHelper.invokeMethodConsideringTimeout(MethodInvocationHelper.java:64)
at org.testng.internal.ConfigInvoker.invokeConfigurationMethod(ConfigInvoker.java:364)
at org.testng.internal.ConfigInvoker.invokeConfigurations(ConfigInvoker.java:318)
at org.testng.TestRunner.invokeTestConfigurations(TestRunner.java:620)
at org.testng.TestRunner.beforeRun(TestRunner.java:610)
at org.testng.TestRunner.run(TestRunner.java:581)
at org.testng.SuiteRunner.runTest(SuiteRunner.java:384)
at org.testng.SuiteRunner.runSequentially(SuiteRunner.java:378)
at org.testng.SuiteRunner.privateRun(SuiteRunner.java:337)
at org.testng.SuiteRunner.run(SuiteRunner.java:286)
at org.testng.SuiteRunnerWorker.runSuite(SuiteRunnerWorker.java:53)
at org.testng.SuiteRunnerWorker.run(SuiteRunnerWorker.java:96)
at org.testng.TestNG.runSuitesSequentially(TestNG.java:1214)
at org.testng.TestNG.runSuitesLocally(TestNG.java:1136)
at org.testng.TestNG.runSuites(TestNG.java:1066)
at org.testng.TestNG.run(TestNG.java:1034)
at org.testng.remote.AbstractRemoteTestNG.run(AbstractRemoteTestNG.java:115)
at org.testng.remote.RemoteTestNG.initAndRun(RemoteTestNG.java:251)
at org.testng.remote.RemoteTestNG.main(RemoteTestNG.java:77)
]]>
            </full-stacktrace>
          </exception> <!-- org.openqa.selenium.SessionNotCreatedException -->
          <reporter-output>
          </reporter-output>
        </test-method> <!-- beforeTest -->
        <test-method status="SKIP" signature="beforeClass()[pri:0, instance:com.uiFramework.companyName.projectName.testScripts.login.LoginTest@78fa769e]" name="beforeClass" is-config="true" duration-ms="-1604656697349" started-at="2020-11-06T15:28:17 IST" finished-at="1970-01-01T05:30:00 IST">
          <reporter-output>
          </reporter-output>
        </test-method> <!-- beforeClass -->
        <test-method status="SKIP" signature="beforeMethode(java.lang.reflect.Method)[pri:0, instance:com.uiFramework.companyName.projectName.testScripts.login.LoginTest@78fa769e]" name="beforeMethode" is-config="true" duration-ms="-1604656697377" started-at="2020-11-06T15:28:17 IST" finished-at="1970-01-01T05:30:00 IST">
          <reporter-output>
          </reporter-output>
        </test-method> <!-- beforeMethode -->
        <test-method status="SKIP" signature="testLoginApplication()[pri:0, instance:com.uiFramework.companyName.projectName.testScripts.login.LoginTest@78fa769e]" name="testLoginApplication" duration-ms="0" started-at="2020-11-06T15:28:17 IST" description="Login with valid credentials" finished-at="2020-11-06T15:28:17 IST">
          <exception class="org.openqa.selenium.SessionNotCreatedException">
            <message>
              <![CDATA[session not created: This version of ChromeDriver only supports Chrome version 84
Build info: version: '3.141.59', revision: 'e82be7d358', time: '2018-11-14T08:17:03'
System info: host: 'DESKTOP-M7OO6FQ', ip: '192.168.137.1', os.name: 'Windows 10', os.arch: 'amd64', os.version: '10.0', java.version: '1.8.0_231'
Driver info: driver.version: ChromeDriver
remote stacktrace: Backtrace:
Ordinal0 [0x00A387E3+2852835]
Ordinal0 [0x00925BB1+1727409]
Ordinal0 [0x007FE4B9+517305]
Ordinal0 [0x00790BA0+68512]
Ordinal0 [0x0078D3A0+54176]
Ordinal0 [0x007AD9F7+186871]
Ordinal0 [0x007AD7FD+186365]
Ordinal0 [0x007AB70B+177931]
Ordinal0 [0x00792584+75140]
Ordinal0 [0x00793650+79440]
Ordinal0 [0x007935E9+79337]
Ordinal0 [0x0093AD5C+1813852]
GetHandleVerifier [0x00B5C616+1075574]
GetHandleVerifier [0x00B5C367+1074887]
GetHandleVerifier [0x00B67497+1120247]
GetHandleVerifier [0x00B5CC16+1077110]
Ordinal0 [0x00933206+1782278]
Ordinal0 [0x0093C3BB+1819579]
Ordinal0 [0x0093C523+1819939]
Ordinal0 [0x00952B45+1911621]
BaseThreadInitThunk [0x750B6359+25]
RtlGetAppContainerNamedObjectPath [0x773A7C24+228]
RtlGetAppContainerNamedObjectPath [0x773A7BF4+180]
]]>
            </message>
            <full-stacktrace>
              <![CDATA[org.openqa.selenium.SessionNotCreatedException: session not created: This version of ChromeDriver only supports Chrome version 84
Build info: version: '3.141.59', revision: 'e82be7d358', time: '2018-11-14T08:17:03'
System info: host: 'DESKTOP-M7OO6FQ', ip: '192.168.137.1', os.name: 'Windows 10', os.arch: 'amd64', os.version: '10.0', java.version: '1.8.0_231'
Driver info: driver.version: ChromeDriver
remote stacktrace: Backtrace:
Ordinal0 [0x00A387E3+2852835]
Ordinal0 [0x00925BB1+1727409]
Ordinal0 [0x007FE4B9+517305]
Ordinal0 [0x00790BA0+68512]
Ordinal0 [0x0078D3A0+54176]
Ordinal0 [0x007AD9F7+186871]
Ordinal0 [0x007AD7FD+186365]
Ordinal0 [0x007AB70B+177931]
Ordinal0 [0x00792584+75140]
Ordinal0 [0x00793650+79440]
Ordinal0 [0x007935E9+79337]
Ordinal0 [0x0093AD5C+1813852]
GetHandleVerifier [0x00B5C616+1075574]
GetHandleVerifier [0x00B5C367+1074887]
GetHandleVerifier [0x00B67497+1120247]
GetHandleVerifier [0x00B5CC16+1077110]
Ordinal0 [0x00933206+1782278]
Ordinal0 [0x0093C3BB+1819579]
Ordinal0 [0x0093C523+1819939]
Ordinal0 [0x00952B45+1911621]
BaseThreadInitThunk [0x750B6359+25]
RtlGetAppContainerNamedObjectPath [0x773A7C24+228]
RtlGetAppContainerNamedObjectPath [0x773A7BF4+180]

at sun.reflect.NativeConstructorAccessorImpl.newInstance0(Native Method)
at sun.reflect.NativeConstructorAccessorImpl.newInstance(NativeConstructorAccessorImpl.java:62)
at sun.reflect.DelegatingConstructorAccessorImpl.newInstance(DelegatingConstructorAccessorImpl.java:45)
at java.lang.reflect.Constructor.newInstance(Constructor.java:423)
at org.openqa.selenium.remote.W3CHandshakeResponse.lambda$errorHandler$0(W3CHandshakeResponse.java:62)
at org.openqa.selenium.remote.HandshakeResponse.lambda$getResponseFunction$0(HandshakeResponse.java:30)
at org.openqa.selenium.remote.ProtocolHandshake.lambda$createSession$0(ProtocolHandshake.java:126)
at java.util.stream.ReferencePipeline$3$1.accept(ReferencePipeline.java:193)
at java.util.Spliterators$ArraySpliterator.tryAdvance(Spliterators.java:958)
at java.util.stream.ReferencePipeline.forEachWithCancel(ReferencePipeline.java:126)
at java.util.stream.AbstractPipeline.copyIntoWithCancel(AbstractPipeline.java:499)
at java.util.stream.AbstractPipeline.copyInto(AbstractPipeline.java:486)
at java.util.stream.AbstractPipeline.wrapAndCopyInto(AbstractPipeline.java:472)
at java.util.stream.FindOps$FindOp.evaluateSequential(FindOps.java:152)
at java.util.stream.AbstractPipeline.evaluate(AbstractPipeline.java:234)
at java.util.stream.ReferencePipeline.findFirst(ReferencePipeline.java:464)
at org.openqa.selenium.remote.ProtocolHandshake.createSession(ProtocolHandshake.java:128)
at org.openqa.selenium.remote.ProtocolHandshake.createSession(ProtocolHandshake.java:74)
at org.openqa.selenium.remote.HttpCommandExecutor.execute(HttpCommandExecutor.java:136)
at org.openqa.selenium.remote.service.DriverCommandExecutor.execute(DriverCommandExecutor.java:83)
at org.openqa.selenium.remote.RemoteWebDriver.execute(RemoteWebDriver.java:552)
at org.openqa.selenium.remote.RemoteWebDriver.startSession(RemoteWebDriver.java:213)
at org.openqa.selenium.remote.RemoteWebDriver.<init>(RemoteWebDriver.java:131)
at org.openqa.selenium.chrome.ChromeDriver.<init>(ChromeDriver.java:181)
at org.openqa.selenium.chrome.ChromeDriver.<init>(ChromeDriver.java:168)
at org.openqa.selenium.chrome.ChromeDriver.<init>(ChromeDriver.java:157)
at com.uiFramework.companyName.projectName.helper.browserConfigurations.ChromeBrowser.getChromeDriver(ChromeBrowser.java:36)
at com.uiFramework.companyName.projectName.testbase.Testbase.getBrowserObject(Testbase.java:118)
at com.uiFramework.companyName.projectName.testbase.Testbase.setUpDriver(Testbase.java:139)
at com.uiFramework.companyName.projectName.testbase.Testbase.beforeTest(Testbase.java:59)
at sun.reflect.NativeMethodAccessorImpl.invoke0(Native Method)
at sun.reflect.NativeMethodAccessorImpl.invoke(NativeMethodAccessorImpl.java:62)
at sun.reflect.DelegatingMethodAccessorImpl.invoke(DelegatingMethodAccessorImpl.java:43)
at java.lang.reflect.Method.invoke(Method.java:498)
at org.testng.internal.MethodInvocationHelper.invokeMethod(MethodInvocationHelper.java:135)
at org.testng.internal.MethodInvocationHelper.invokeMethodConsideringTimeout(MethodInvocationHelper.java:64)
at org.testng.internal.ConfigInvoker.invokeConfigurationMethod(ConfigInvoker.java:364)
at org.testng.internal.ConfigInvoker.invokeConfigurations(ConfigInvoker.java:318)
at org.testng.TestRunner.invokeTestConfigurations(TestRunner.java:620)
at org.testng.TestRunner.beforeRun(TestRunner.java:610)
at org.testng.TestRunner.run(TestRunner.java:581)
at org.testng.SuiteRunner.runTest(SuiteRunner.java:384)
at org.testng.SuiteRunner.runSequentially(SuiteRunner.java:378)
at org.testng.SuiteRunner.privateRun(SuiteRunner.java:337)
at org.testng.SuiteRunner.run(SuiteRunner.java:286)
at org.testng.SuiteRunnerWorker.runSuite(SuiteRunnerWorker.java:53)
at org.testng.SuiteRunnerWorker.run(SuiteRunnerWorker.java:96)
at org.testng.TestNG.runSuitesSequentially(TestNG.java:1214)
at org.testng.TestNG.runSuitesLocally(TestNG.java:1136)
at org.testng.TestNG.runSuites(TestNG.java:1066)
at org.testng.TestNG.run(TestNG.java:1034)
at org.testng.remote.AbstractRemoteTestNG.run(AbstractRemoteTestNG.java:115)
at org.testng.remote.RemoteTestNG.initAndRun(RemoteTestNG.java:251)
at org.testng.remote.RemoteTestNG.main(RemoteTestNG.java:77)
]]>
            </full-stacktrace>
          </exception> <!-- org.openqa.selenium.SessionNotCreatedException -->
          <reporter-output>
          </reporter-output>
        </test-method> <!-- testLoginApplication -->
        <test-method status="SKIP" signature="afterMethod(org.testng.ITestResult)[pri:0, instance:com.uiFramework.companyName.projectName.testScripts.login.LoginTest@78fa769e]" name="afterMethod" is-config="true" duration-ms="-1604656697387" started-at="2020-11-06T15:28:17 IST" finished-at="1970-01-01T05:30:00 IST">
          <reporter-output>
          </reporter-output>
        </test-method> <!-- afterMethod -->
        <test-method status="SKIP" signature="afterTest()[pri:0, instance:com.uiFramework.companyName.projectName.testScripts.login.LoginTest@78fa769e]" name="afterTest" is-config="true" duration-ms="-1604656697392" started-at="2020-11-06T15:28:17 IST" finished-at="1970-01-01T05:30:00 IST">
          <reporter-output>
          </reporter-output>
        </test-method> <!-- afterTest -->
      </class> <!-- com.uiFramework.companyName.projectName.testScripts.login.LoginTest -->
    </test> <!-- Default test -->
  </suite> <!-- Default suite -->
</testng-results>
